<?xml version="1.0" encoding="UTF-8" ?>
<testsuite tests="9" failures="5" name="TestSuite" time="9.024" errors="0" skipped="3">
  <properties>
[...]
</properties>
  <testcase classname="DDT.ExcelOperation" name="performOpeartion" time="0.604">
    <failure message="The workbook already contains a sheet of this name" type="java.lang.IllegalArgumentException">java.lang.IllegalArgumentException: The workbook already contains a sheet of this name
	at org.apache.poi.xssf.usermodel.XSSFWorkbook.createSheet(XSSFWorkbook.java:636)
	at org.apache.poi.xssf.usermodel.XSSFWorkbook.createSheet(XSSFWorkbook.java:67)
	at DDT.ExcelOperation.performOpeartion(ExcelOperation.java:23)
</failure>
    <system-out>sheet count: 4
sheet name: Sheet1
sheet name: Sheet2
sheet name: Sheet3
sheet name: TestSheet
</system-out>
  </testcase>
  <testcase classname="SampleTest.ScreenShot" name="ScreenShot1" time="8.413"/>
  <testcase classname="RunRetryAnalyzer.Test1" name="test1" time="0.004">
    <failure message="expected [true] but found [false]" type="java.lang.AssertionError">java.lang.AssertionError: expected [true] but found [false]
	at org.testng.Assert.fail(Assert.java:94)
	at org.testng.Assert.failNotEquals(Assert.java:496)
	at org.testng.Assert.assertEquals(Assert.java:125)
	at org.testng.Assert.assertEquals(Assert.java:288)
	at org.testng.Assert.assertEquals(Assert.java:298)
	at RunRetryAnalyzer.Test1.test1(Test1.java:9)
</failure>
  </testcase>
  <testcase classname="RunRetryAnalyzer.Test1" name="test2" time="0.001">
    <failure message="expected [false] but found [true]" type="java.lang.AssertionError">java.lang.AssertionError: expected [false] but found [true]
	at org.testng.Assert.fail(Assert.java:94)
	at org.testng.Assert.failNotEquals(Assert.java:496)
	at org.testng.Assert.assertEquals(Assert.java:125)
	at org.testng.Assert.assertEquals(Assert.java:288)
	at org.testng.Assert.assertEquals(Assert.java:298)
	at RunRetryAnalyzer.Test1.test2(Test1.java:14)
</failure>
  </testcase>
  <testcase classname="Retryfailed.RetryTest" name="test1" time="0">
    <skipped/>
  </testcase>
  <testcase classname="Retryfailed.RetryTest" name="test1" time="0">
    <skipped/>
  </testcase>
  <testcase classname="Retryfailed.RetryTest" name="test1" time="0">
    <skipped/>
  </testcase>
  <testcase classname="Retryfailed.RetryTest" name="test1" time="0.001">
    <failure message="expected [false] but found [true]" type="java.lang.AssertionError">java.lang.AssertionError: expected [false] but found [true]
	at org.testng.Assert.fail(Assert.java:94)
	at org.testng.Assert.failNotEquals(Assert.java:496)
	at org.testng.Assert.assertEquals(Assert.java:125)
	at org.testng.Assert.assertEquals(Assert.java:288)
	at org.testng.Assert.assertEquals(Assert.java:298)
	at Retryfailed.RetryTest.test1(RetryTest.java:9)
</failure>
  </testcase>
  <testcase classname="Retryfailed.RetryTest" name="test2" time="0.001">
    <failure message="expected [false] but found [true]" type="java.lang.AssertionError">java.lang.AssertionError: expected [false] but found [true]
	at org.testng.Assert.fail(Assert.java:94)
	at org.testng.Assert.failNotEquals(Assert.java:496)
	at org.testng.Assert.assertEquals(Assert.java:125)
	at org.testng.Assert.assertEquals(Assert.java:288)
	at org.testng.Assert.assertEquals(Assert.java:298)
	at Retryfailed.RetryTest.test2(RetryTest.java:13)
</failure>
  </testcase>
</testsuite>