<?xml version="1.0" encoding="UTF-8"?>
<testng-results skipped="0" failed="0" ignored="0" total="1" passed="1">
  <reporter-output>
  </reporter-output>
  <suite name="Default suite" duration-ms="5605" started-at="2022-04-27T09:06:57 IST" finished-at="2022-04-27T09:07:03 IST">
    <groups>
    </groups>
    <test name="Default test" duration-ms="5605" started-at="2022-04-27T09:06:57 IST" finished-at="2022-04-27T09:07:03 IST">
      <class name="Assigment.Flipkart">
        <test-method status="PASS" signature="jk()[pri:0, instance:Assigment.Flipkart@536aaa8d]" name="jk" duration-ms="5579" started-at="2022-04-27T09:06:57 IST" finished-at="2022-04-27T09:07:03 IST">
          <reporter-output>
          </reporter-output>
        </test-method> <!-- jk -->
      </class> <!-- Assigment.Flipkart -->
    </test> <!-- Default test -->
  </suite> <!-- Default suite -->
</testng-results>
