<?xml version="1.0" encoding="UTF-8"?>
<testng-results skipped="0" failed="0" ignored="0" total="1" passed="1">
  <reporter-output>
  </reporter-output>
  <suite name="Default suite" duration-ms="27" started-at="2022-05-09T22:59:19 IST" finished-at="2022-05-09T22:59:19 IST">
    <groups>
    </groups>
    <test name="Default test" duration-ms="27" started-at="2022-05-09T22:59:19 IST" finished-at="2022-05-09T22:59:19 IST">
      <class name="Abstract.Test1">
        <test-method status="PASS" signature="testcase()[pri:0, instance:Abstract.Test1@6737fd8f]" name="testcase" duration-ms="5" started-at="2022-05-09T22:59:19 IST" finished-at="2022-05-09T22:59:19 IST">
          <reporter-output>
          </reporter-output>
        </test-method> <!-- testcase -->
      </class> <!-- Abstract.Test1 -->
    </test> <!-- Default test -->
  </suite> <!-- Default suite -->
</testng-results>
